[INFO  - 2017-08-12T06:32:05.073Z] GhostDriver - Main - running on port 57953
[INFO  - 2017-08-12T06:32:06.227Z] Session [f5ca2fd0-7f27-11e7-be03-4fbf70a00b66] - page.settings - {"XSSAuditingEnabled":false,"javascriptCanCloseWindows":true,"javascriptCanOpenWindows":true,"javascriptEnabled":true,"loadImages":true,"localToRemoteUrlAccessEnabled":false,"userAgent":"Mozilla/5.0 (X11; Linux x86_64) AppleWebKit/53 (KHTML, like Gecko) Chrome/15.0.87","webSecurityEnabled":true}
[INFO  - 2017-08-12T06:32:06.227Z] Session [f5ca2fd0-7f27-11e7-be03-4fbf70a00b66] - page.customHeaders:  - {}
[INFO  - 2017-08-12T06:32:06.227Z] Session [f5ca2fd0-7f27-11e7-be03-4fbf70a00b66] - Session.negotiatedCapabilities - {"browserName":"phantomjs","version":"2.1.1","driverName":"ghostdriver","driverVersion":"1.2.0","platform":"windows-10-32bit","javascriptEnabled":true,"takesScreenshot":true,"handlesAlerts":false,"databaseEnabled":false,"locationContextEnabled":false,"applicationCacheEnabled":false,"browserConnectionEnabled":false,"cssSelectorsEnabled":true,"webStorageEnabled":false,"rotatable":false,"acceptSslCerts":false,"nativeEvents":true,"proxy":{"proxyType":"direct"},"phantomjs.page.settings.userAgent":"Mozilla/5.0 (X11; Linux x86_64) AppleWebKit/53 (KHTML, like Gecko) Chrome/15.0.87"}
[INFO  - 2017-08-12T06:32:06.227Z] SessionManagerReqHand - _postNewSessionCommand - New Session Created: f5ca2fd0-7f27-11e7-be03-4fbf70a00b66
[ERROR - 2017-08-12T06:32:09.525Z] WebElementLocator - _handleLocateCommand - Element(s) NOT Found: GAVE UP. Search Stop Time: 1502519529498

  phantomjs://platform/console++.js:263 in error
[ERROR - 2017-08-12T06:32:11.765Z] Session [f5ca2fd0-7f27-11e7-be03-4fbf70a00b66] - page.onError - msg: Error loading 'trcss!$prp/location_nearby/deferred/placement': Error: XHR returned 0

  phantomjs://platform/console++.js:263 in error
[ERROR - 2017-08-12T06:32:11.765Z] Session [f5ca2fd0-7f27-11e7-be03-4fbf70a00b66] - page.onError - stack:
  d (https://static.tacdn.com/js3/requirejs-c-v21124345365b.js:1)

  phantomjs://platform/console++.js:263 in error
[ERROR - 2017-08-12T06:32:11.766Z] Session [f5ca2fd0-7f27-11e7-be03-4fbf70a00b66] - page.onError - msg: Error loading 'trhtml!$prp/location_nearby:hotels/deferred/neighborhood?occur=0': Error: XHR returned 0

  phantomjs://platform/console++.js:263 in error
[ERROR - 2017-08-12T06:32:11.766Z] Session [f5ca2fd0-7f27-11e7-be03-4fbf70a00b66] - page.onError - stack:
  d (https://static.tacdn.com/js3/requirejs-c-v21124345365b.js:1)

  phantomjs://platform/console++.js:263 in error
[ERROR - 2017-08-12T06:32:46.128Z] WebElementLocator - _handleLocateCommand - Element(s) NOT Found: GAVE UP. Search Stop Time: 1502519566077

  phantomjs://platform/console++.js:263 in error
[ERROR - 2017-08-12T06:32:53.811Z] WebElementLocator - _handleLocateCommand - Element(s) NOT Found: GAVE UP. Search Stop Time: 1502519573758

  phantomjs://platform/console++.js:263 in error
[ERROR - 2017-08-12T06:32:56.633Z] WebElementLocator - _handleLocateCommand - Element(s) NOT Found: GAVE UP. Search Stop Time: 1502519576589

  phantomjs://platform/console++.js:263 in error
[ERROR - 2017-08-12T06:32:59.351Z] WebElementLocator - _handleLocateCommand - Element(s) NOT Found: GAVE UP. Search Stop Time: 1502519579301

  phantomjs://platform/console++.js:263 in error
[ERROR - 2017-08-12T06:33:02.194Z] WebElementLocator - _handleLocateCommand - Element(s) NOT Found: GAVE UP. Search Stop Time: 1502519582136

  phantomjs://platform/console++.js:263 in error
[ERROR - 2017-08-12T06:33:14.060Z] WebElementLocator - _handleLocateCommand - Element(s) NOT Found: GAVE UP. Search Stop Time: 1502519594042

  phantomjs://platform/console++.js:263 in error
[ERROR - 2017-08-12T06:33:21.087Z] WebElementLocator - _handleLocateCommand - Element(s) NOT Found: GAVE UP. Search Stop Time: 1502519601033

  phantomjs://platform/console++.js:263 in error
[ERROR - 2017-08-12T06:33:24.033Z] WebElementLocator - _handleLocateCommand - Element(s) NOT Found: GAVE UP. Search Stop Time: 1502519604017

  phantomjs://platform/console++.js:263 in error
[ERROR - 2017-08-12T06:33:27.116Z] WebElementLocator - _handleLocateCommand - Element(s) NOT Found: GAVE UP. Search Stop Time: 1502519607069

  phantomjs://platform/console++.js:263 in error
